<?xml version="1.0" encoding="UTF-8"?>
<!-- Generated by org.testng.reporters.JUnitXMLReporter -->
<testsuite hostname="DESKTOP-D47G269" failures="1" tests="1" name="PerfectoAppium" time="0.019" errors="0" timestamp="13 Jul 2022 19:56:35 GMT">
  <testcase classname="com.perfecto.sampleproject.PerfectoAppium" name="@AfterMethod afterMethod" time="0.0">
    <failure type="java.lang.NullPointerException" message="Cannot invoke &amp;quot;com.perfecto.reportium.client.ReportiumClient.testStop(com.perfecto.reportium.test.result.TestResult)&amp;quot; because &amp;quot;this.reportiumClient&amp;quot; is null">
      <![CDATA[java.lang.NullPointerException: Cannot invoke "com.perfecto.reportium.client.ReportiumClient.testStop(com.perfecto.reportium.test.result.TestResult)" because "this.reportiumClient" is null
	at com.perfecto.sampleproject.PerfectoAppium.afterMethod(PerfectoAppium.java:98)
	at java.base/java.util.concurrent.FutureTask.run(FutureTask.java:264)
	at java.base/java.util.concurrent.ThreadPoolExecutor.runWorker(ThreadPoolExecutor.java:1136)
	at java.base/java.util.concurrent.ThreadPoolExecutor$Worker.run(ThreadPoolExecutor.java:635)
	at java.base/java.lang.Thread.run(Thread.java:833)
... Removed 18 stack frames]]>
    </failure>
  </testcase> <!-- @AfterMethod afterMethod -->
  <testcase classname="com.perfecto.sampleproject.PerfectoAppium" name="appiumTest" time="0.005">
    <failure type="java.lang.Exception" message="Please replace &amp;lt;&amp;lt;cloud name&amp;gt;&amp;gt; with your perfecto cloud name (e.g. demo) or pass it as maven properties: -DcloudName=&amp;lt;&amp;lt;cloud name&amp;gt;&amp;gt;">
      <![CDATA[java.lang.Exception: Please replace <<cloud name>> with your perfecto cloud name (e.g. demo) or pass it as maven properties: -DcloudName=<<cloud name>>
	at com.perfecto.sampleproject.PerfectoLabUtils.fetchCloudName(PerfectoLabUtils.java:64)
	at com.perfecto.sampleproject.PerfectoAppium.appiumTest(PerfectoAppium.java:34)
	at java.base/java.util.concurrent.FutureTask.run(FutureTask.java:264)
	at java.base/java.util.concurrent.ThreadPoolExecutor.runWorker(ThreadPoolExecutor.java:1136)
	at java.base/java.util.concurrent.ThreadPoolExecutor$Worker.run(ThreadPoolExecutor.java:635)
	at java.base/java.lang.Thread.run(Thread.java:833)
... Removed 16 stack frames]]>
    </failure>
  </testcase> <!-- appiumTest -->
</testsuite> <!-- PerfectoAppium -->
