<?xml version="1.0" encoding="UTF-8"?>
<testsuite xmlns:xsi="http://www.w3.org/2001/XMLSchema-instance" xsi:noNamespaceSchemaLocation="https://maven.apache.org/surefire/maven-surefire-plugin/xsd/surefire-test-report-3.0.xsd" version="3.0" name="TestSuite" time="0.406" tests="8" errors="0" skipped="4" failures="4">
  <properties>
[...]
</properties>
  <testcase name="appiumTest" classname="com.perfecto.sampleproject.PerfectoAppium" time="0.007">
    <failure message="Please replace &lt;&lt;cloud name&gt;&gt; with your perfecto cloud name (e.g. demo) or pass it as maven properties: -DcloudName=&lt;&lt;cloud name&gt;&gt;" type="java.lang.Exception"><![CDATA[java.lang.Exception: Please replace <<cloud name>> with your perfecto cloud name (e.g. demo) or pass it as maven properties: -DcloudName=<<cloud name>>
	at com.perfecto.sampleproject.PerfectoAppium.appiumTest(PerfectoAppium.java:34)
]]></failure>
  </testcase>
  <testcase name="afterMethod[[TestResult name=appiumTest status=FAILURE method=PerfectoAppium.appiumTest()[pri:0, instance:com.perfecto.sampleproject.PerfectoAppium@43ee72e6] output={null}]](0)" classname="com.perfecto.sampleproject.PerfectoAppium" time="0.014">
    <failure message="Cannot invoke &quot;com.perfecto.reportium.client.ReportiumClient.testStop(com.perfecto.reportium.test.result.TestResult)&quot; because &quot;this.reportiumClient&quot; is null" type="java.lang.NullPointerException"><![CDATA[java.lang.NullPointerException: Cannot invoke "com.perfecto.reportium.client.ReportiumClient.testStop(com.perfecto.reportium.test.result.TestResult)" because "this.reportiumClient" is null
	at com.perfecto.sampleproject.PerfectoAppium.afterMethod(PerfectoAppium.java:98)
]]></failure>
  </testcase>
  <testcase name="androidTest" classname="com.perfecto.sampleproject.PerfectoSelenium" time="0.011">
    <failure message="Please replace &lt;&lt;security token&gt;&gt; with your perfecto security token or pass it as maven properties: -DsecurityToken=&lt;&lt;SECURITY TOKEN&gt;&gt;" type="java.lang.Exception"><![CDATA[java.lang.Exception: Please replace <<security token>> with your perfecto security token or pass it as maven properties: -DsecurityToken=<<SECURITY TOKEN>>
	at com.perfecto.sampleproject.PerfectoSelenium.androidTest(PerfectoSelenium.java:39)
]]></failure>
  </testcase>
  <testcase name="afterMethod[[TestResult name=androidTest status=FAILURE method=PerfectoSelenium.androidTest()[pri:0, instance:com.perfecto.sampleproject.PerfectoSelenium@15b204a1] output={null}]](0)" classname="com.perfecto.sampleproject.PerfectoSelenium" time="0.014">
    <failure message="Cannot invoke &quot;com.perfecto.reportium.client.ReportiumClient.testStop(com.perfecto.reportium.test.result.TestResult)&quot; because &quot;this.reportiumClient&quot; is null" type="java.lang.NullPointerException"><![CDATA[java.lang.NullPointerException: Cannot invoke "com.perfecto.reportium.client.ReportiumClient.testStop(com.perfecto.reportium.test.result.TestResult)" because "this.reportiumClient" is null
	at com.perfecto.sampleproject.PerfectoSelenium.afterMethod(PerfectoSelenium.java:128)
]]></failure>
  </testcase>
  <testcase name="iOSTest" classname="com.perfecto.sampleproject.PerfectoSelenium" time="0">
    <skipped/>
  </testcase>
  <testcase name="afterMethod" classname="com.perfecto.sampleproject.PerfectoSelenium" time="0">
    <skipped/>
  </testcase>
  <testcase name="afterMethod" classname="com.perfecto.sampleproject.PerfectoSelenium" time="0">
    <skipped/>
  </testcase>
  <testcase name="webTest" classname="com.perfecto.sampleproject.PerfectoSelenium" time="0">
    <skipped/>
  </testcase>
</testsuite>